app/build/intermediates/manifest_merge_blame_file/debug/manifest-merger-blame-debug-report.txt
1<?xml version="1.0" encoding="utf-8"?>
2<manifest xmlns:android="http://schemas.android.com/apk/res/android"
3    package="com.example.eatright"
4    android:versionCode="1"
5    android:versionName="1.0" >
6
7    <uses-sdk
8        android:minSdkVersion="24"
8-->src\main\AndroidManifest.xml
9        android:targetSdkVersion="29" />
9-->src\main\AndroidManifest.xml
10
11    <uses-permission android:name="android.permission.CAMERA" />
11-->src\main\AndroidManifest.xml:5:5-65
11-->src\main\AndroidManifest.xml:5:22-62
12    <uses-permission android:name="android.permission.VIBRATE" />
12-->src\main\AndroidManifest.xml:6:5-66
12-->src\main\AndroidManifest.xml:6:22-63
13
14    <uses-feature android:name="android.hardware.camera" />
14-->src\main\AndroidManifest.xml:8:5-60
14-->src\main\AndroidManifest.xml:8:19-57
15    <uses-feature android:name="android.hardware.camera.autofocus" />
15-->src\main\AndroidManifest.xml:9:5-70
15-->src\main\AndroidManifest.xml:9:19-67
16
17    <application
17-->src\main\AndroidManifest.xml:11:5-35:19
18        android:allowBackup="true"
18-->src\main\AndroidManifest.xml:12:9-35
19        android:appComponentFactory="androidx.core.app.CoreComponentFactory"
19-->[androidx.core:core:1.1.0] AndroidManifest.xml:24:18-86
20        android:debuggable="true"
21        android:icon="@mipmap/ic_launcher"
21-->src\main\AndroidManifest.xml:13:9-43
22        android:label="@string/app_name"
22-->src\main\AndroidManifest.xml:14:9-41
23        android:roundIcon="@mipmap/ic_launcher_round"
23-->src\main\AndroidManifest.xml:15:9-54
24        android:supportsRtl="true"
24-->src\main\AndroidManifest.xml:16:9-35
25        android:theme="@style/AppTheme" >
25-->src\main\AndroidManifest.xml:17:9-40
26        <activity android:name="com.example.eatright.Result" />
26-->src\main\AndroidManifest.xml:18:9-53
26-->src\main\AndroidManifest.xml:18:19-41
27        <activity
27-->src\main\AndroidManifest.xml:19:9-21:66
28            android:name="com.example.eatright.compare2"
28-->src\main\AndroidManifest.xml:20:13-37
29            android:theme="@style/AppTheme.SlidrActivityTheme" />
29-->src\main\AndroidManifest.xml:21:13-63
30        <activity android:name="com.example.eatright.compare_one" />
30-->src\main\AndroidManifest.xml:22:9-49
30-->src\main\AndroidManifest.xml:22:19-46
31        <activity android:name="com.example.eatright.single_scan" />
31-->src\main\AndroidManifest.xml:23:9-49
31-->src\main\AndroidManifest.xml:23:19-46
32        <activity android:name="com.example.eatright.MainActivity" >
32-->src\main\AndroidManifest.xml:24:9-30:20
32-->src\main\AndroidManifest.xml:24:19-47
33            <intent-filter>
33-->src\main\AndroidManifest.xml:25:13-29:29
34                <action android:name="android.intent.action.MAIN" />
34-->src\main\AndroidManifest.xml:26:17-69
34-->src\main\AndroidManifest.xml:26:25-66
35
36                <category android:name="android.intent.category.LAUNCHER" />
36-->src\main\AndroidManifest.xml:28:17-77
36-->src\main\AndroidManifest.xml:28:27-74
37            </intent-filter>
38        </activity>
39
40        <meta-data
40-->src\main\AndroidManifest.xml:32:9-34:39
41            android:name="com.google.android.gms.vision.DEPENDENCIES"
41-->src\main\AndroidManifest.xml:33:13-70
42            android:value="barcode" />
42-->src\main\AndroidManifest.xml:34:13-36
43
44        <provider
44-->[androidx.lifecycle:lifecycle-process:2.0.0] AndroidManifest.xml:23:9-27:43
45            android:name="androidx.lifecycle.ProcessLifecycleOwnerInitializer"
45-->[androidx.lifecycle:lifecycle-process:2.0.0] AndroidManifest.xml:24:13-79
46            android:authorities="com.example.eatright.lifecycle-process"
46-->[androidx.lifecycle:lifecycle-process:2.0.0] AndroidManifest.xml:25:13-69
47            android:exported="false"
47-->[androidx.lifecycle:lifecycle-process:2.0.0] AndroidManifest.xml:26:13-37
48            android:multiprocess="true" />
48-->[androidx.lifecycle:lifecycle-process:2.0.0] AndroidManifest.xml:27:13-40
49    </application>
50
51</manifest>